<?xml version="1.0" encoding="UTF-8"?>
<!-- Generated by org.testng.reporters.JUnitReportReporter -->
<testsuite hostname="Harrys-MBP" failures="0" tests="4" name="TestCases" time="11.754" errors="0" timestamp="2024-07-16T13:50:07 CDT" skipped="0">
  <testcase classname="TestCases" name="Test_ErrorForm" time="0.595"/>
  <testcase classname="TestCases" name="Test_WaitingButtonAccorion" time="2.685"/>
  <testcase classname="TestCases" name="Test_FillFormHappyPath" time="3.536"/>
  <testcase classname="TestCases" name="Test_WaitingButton" time="4.938"/>
</testsuite> <!-- TestCases -->
